<?xml version="1.0" encoding="UTF-8" ?>
<testsuites>
  <testsuite errors="0" failures="0" hostname="mac-dbosin.local" id="0" name="SimpleControllerTests" package="com.acme.app" tests="1" time="3.12" timestamp="2015-10-14T21:03:09">
      <properties />

      <testcase classname="com.acme.app.SimpleControllerTests" name="testHello" time="3.049" />

      <system-out><![CDATA[--Output from testHello--
]]></system-out>

      <system-err><![CDATA[--Output from testHello--
]]></system-err>

  </testsuite>
</testsuites>
